obj\Debug\netstandard2.1\blazor\linker\BlazorSWAPI.dll
obj\Debug\netstandard2.1\blazor\linker\HotChocolate.Language.dll
obj\Debug\netstandard2.1\blazor\linker\HotChocolate.Language.SyntaxTree.dll
obj\Debug\netstandard2.1\blazor\linker\HotChocolate.Language.Utf8.dll
obj\Debug\netstandard2.1\blazor\linker\Microsoft.AspNetCore.Blazor.dll
obj\Debug\netstandard2.1\blazor\linker\Microsoft.AspNetCore.Blazor.HttpClient.dll
obj\Debug\netstandard2.1\blazor\linker\Microsoft.AspNetCore.Components.dll
obj\Debug\netstandard2.1\blazor\linker\Microsoft.AspNetCore.Components.Web.dll
obj\Debug\netstandard2.1\blazor\linker\Microsoft.Bcl.AsyncInterfaces.dll
obj\Debug\netstandard2.1\blazor\linker\Microsoft.Extensions.Configuration.Abstractions.dll
obj\Debug\netstandard2.1\blazor\linker\Microsoft.Extensions.Configuration.dll
obj\Debug\netstandard2.1\blazor\linker\Microsoft.Extensions.DependencyInjection.Abstractions.dll
obj\Debug\netstandard2.1\blazor\linker\Microsoft.Extensions.DependencyInjection.dll
obj\Debug\netstandard2.1\blazor\linker\Microsoft.Extensions.Http.dll
obj\Debug\netstandard2.1\blazor\linker\Microsoft.Extensions.Logging.Abstractions.dll
obj\Debug\netstandard2.1\blazor\linker\Microsoft.Extensions.Logging.dll
obj\Debug\netstandard2.1\blazor\linker\Microsoft.Extensions.Options.dll
obj\Debug\netstandard2.1\blazor\linker\Microsoft.Extensions.Primitives.dll
obj\Debug\netstandard2.1\blazor\linker\Microsoft.JSInterop.dll
obj\Debug\netstandard2.1\blazor\linker\Mono.Security.dll
obj\Debug\netstandard2.1\blazor\linker\Mono.WebAssembly.Interop.dll
obj\Debug\netstandard2.1\blazor\linker\mscorlib.dll
obj\Debug\netstandard2.1\blazor\linker\StrawberryShake.Abstractions.dll
obj\Debug\netstandard2.1\blazor\linker\StrawberryShake.Configuration.dll
obj\Debug\netstandard2.1\blazor\linker\StrawberryShake.Http.dll
obj\Debug\netstandard2.1\blazor\linker\StrawberryShake.Transport.Abstractions.dll
obj\Debug\netstandard2.1\blazor\linker\StrawberryShake.Transport.Http.dll
obj\Debug\netstandard2.1\blazor\linker\StrawberryShake.Transport.WebSockets.dll
obj\Debug\netstandard2.1\blazor\linker\System.Core.dll
obj\Debug\netstandard2.1\blazor\linker\System.dll
obj\Debug\netstandard2.1\blazor\linker\System.IO.Pipelines.dll
obj\Debug\netstandard2.1\blazor\linker\System.Net.Http.dll
obj\Debug\netstandard2.1\blazor\linker\System.Runtime.CompilerServices.Unsafe.dll
obj\Debug\netstandard2.1\blazor\linker\System.Text.Encodings.Web.dll
obj\Debug\netstandard2.1\blazor\linker\System.Text.Json.dll
obj\Debug\netstandard2.1\blazor\linker\System.Threading.Channels.dll
obj\Debug\netstandard2.1\blazor\linker\WebAssembly.Bindings.dll
obj\Debug\netstandard2.1\blazor\linker\WebAssembly.Net.Http.dll
obj\Debug\netstandard2.1\blazor\linker\WebAssembly.Net.WebSockets.dll
obj\Debug\netstandard2.1\blazor\linker\BlazorSWAPI.pdb
